<?xml version="1.0" encoding="UTF-8"?>
<!-- Generated by org.testng.reporters.JUnitReportReporter -->
<testsuite hostname="Kathleens-MacBook-Air.local" failures="0" tests="1" name="com.project.mavenExample" time="3.694" errors="0" timestamp="16 May 2018 17:14:34 GMT" skipped="0">
  <testcase classname="com.project.mavenExample" name="mavenTest1" time="3.694"/>
</testsuite> <!-- com.project.mavenExample -->
